# JRE version: Java(TM) SE Runtime Environment (8.0_51-b16) (build 1.8.0_51-b16)
# Java VM: Java HotSpot(TM) 64-Bit Server VM (25.51-b03 mixed mode windows-amd64 compressed oops)
Heap:
 garbage-first heap   total 1605632K, used 1188621K [0x0000000080000000, 0x0000000082000188, 0x0000000100000000)
  region size 32768K, 25 young (819200K), 1 survivors (32768K)
 Metaspace       used 65801K, capacity 71786K, committed 71936K, reserved 1112064K
  class space    used 8630K, capacity 9962K, committed 10008K, reserved 1048576K
GC Heap History (10 events):
Event: 2665.397 GC heap after
Heap after GC invocations=1138 (full 0):
 garbage-first heap   total 1605632K, used 402401K [0x0000000080000000, 0x0000000082000188, 0x0000000100000000)
  region size 32768K, 1 young (32768K), 1 survivors (32768K)
 Metaspace       used 65801K, capacity 71786K, committed 71936K, reserved 1112064K
  class space    used 8630K, capacity 9962K, committed 10008K, reserved 1048576K
}
Event: 2667.815 GC heap before
{Heap before GC invocations=1138 (full 0):
 garbage-first heap   total 1605632K, used 1188833K [0x0000000080000000, 0x0000000082000188, 0x0000000100000000)
  region size 32768K, 25 young (819200K), 1 survivors (32768K)
 Metaspace       used 65801K, capacity 71786K, committed 71936K, reserved 1112064K
  class space    used 8630K, capacity 9962K, committed 10008K, reserved 1048576K
Event: 2667.849 GC heap after
Heap after GC invocations=1139 (full 0):
 garbage-first heap   total 1605632K, used 402406K [0x0000000080000000, 0x0000000082000188, 0x0000000100000000)
  region size 32768K, 1 young (32768K), 1 survivors (32768K)
 Metaspace       used 65801K, capacity 71786K, committed 71936K, reserved 1112064K
  class space    used 8630K, capacity 9962K, committed 10008K, reserved 1048576K
}
Event: 2670.245 GC heap before
{Heap before GC invocations=1139 (full 0):
 garbage-first heap   total 1605632K, used 1188838K [0x0000000080000000, 0x0000000082000188, 0x0000000100000000)
  region size 32768K, 25 young (819200K), 1 survivors (32768K)
 Metaspace       used 65801K, capacity 71786K, committed 71936K, reserved 1112064K
  class space    used 8630K, capacity 9962K, committed 10008K, reserved 1048576K
Event: 2670.279 GC heap after
Heap after GC invocations=1140 (full 0):
 garbage-first heap   total 1605632K, used 399372K [0x0000000080000000, 0x0000000082000188, 0x0000000100000000)
  region size 32768K, 1 young (32768K), 1 survivors (32768K)
 Metaspace       used 65801K, capacity 71786K, committed 71936K, reserved 1112064K
  class space    used 8630K, capacity 9962K, committed 10008K, reserved 1048576K
}
Event: 2672.658 GC heap before
{Heap before GC invocations=1140 (full 0):
 garbage-first heap   total 1605632K, used 1185804K [0x0000000080000000, 0x0000000082000188, 0x0000000100000000)
  region size 32768K, 25 young (819200K), 1 survivors (32768K)
 Metaspace       used 65801K, capacity 71786K, committed 71936K, reserved 1112064K
  class space    used 8630K, capacity 9962K, committed 10008K, reserved 1048576K
Event: 2672.692 GC heap after
Heap after GC invocations=1141 (full 0):
 garbage-first heap   total 1605632K, used 399969K [0x0000000080000000, 0x0000000082000188, 0x0000000100000000)
  region size 32768K, 1 young (32768K), 1 survivors (32768K)
 Metaspace       used 65801K, capacity 71786K, committed 71936K, reserved 1112064K
  class space    used 8630K, capacity 9962K, committed 10008K, reserved 1048576K
}
Event: 2675.069 GC heap before
{Heap before GC invocations=1141 (full 0):
 garbage-first heap   total 1605632K, used 1186401K [0x0000000080000000, 0x0000000082000188, 0x0000000100000000)
  region size 32768K, 25 young (819200K), 1 survivors (32768K)
 Metaspace       used 65801K, capacity 71786K, committed 71936K, reserved 1112064K
  class space    used 8630K, capacity 9962K, committed 10008K, reserved 1048576K
Event: 2675.102 GC heap after
Heap after GC invocations=1142 (full 0):
 garbage-first heap   total 1605632K, used 402189K [0x0000000080000000, 0x0000000082000188, 0x0000000100000000)
  region size 32768K, 1 young (32768K), 1 survivors (32768K)
 Metaspace       used 65801K, capacity 71786K, committed 71936K, reserved 1112064K
  class space    used 8630K, capacity 9962K, committed 10008K, reserved 1048576K
}
Event: 2677.443 GC heap before
{Heap before GC invocations=1142 (full 0):
 garbage-first heap   total 1605632K, used 1188621K [0x0000000080000000, 0x0000000082000188, 0x0000000100000000)
  region size 32768K, 25 young (819200K), 1 survivors (32768K)
 Metaspace       used 65801K, capacity 71786K, committed 71936K, reserved 1112064K
  class space    used 8630K, capacity 9962K, committed 10008K, reserved 1048576K

